# JRE version: OpenJDK Runtime Environment Zulu17.44+15-CA (17.0.8+7) (build 17.0.8+7-LTS)
# Java VM: OpenJDK 64-Bit Server VM Zulu17.44+15-CA (17.0.8+7-LTS, mixed mode, sharing, tiered, compressed oops, compressed class ptrs, g1 gc, windows-amd64)
GC Precious Log:
 CPUs: 8 total, 8 available
 Memory: 16082M
 Large Page Support: Disabled
 NUMA Support: Disabled
 Compressed Oops: Enabled (Zero based)
 Heap Region Size: 2M
 Heap Min Capacity: 8M
 Heap Initial Capacity: 252M
 Heap Max Capacity: 4022M
 Pre-touch: Disabled
 Parallel Workers: 8
 Concurrent Workers: 2
 Concurrent Refinement Workers: 8
 Periodic GC: Disabled
Heap:
 garbage-first heap   total 96256K, used 72137K [0x0000000704a00000, 0x0000000800000000)
  region size 2048K, 27 young (55296K), 3 survivors (6144K)
 Metaspace       used 68583K, committed 69120K, reserved 1114112K
  class space    used 9100K, committed 9344K, reserved 1048576K
GC Heap History (20 events):
Event: 3.292 GC heap before
{Heap before GC invocations=8 (full 0):
 garbage-first heap   total 157696K, used 77678K [0x0000000704a00000, 0x0000000800000000)
  region size 2048K, 33 young (67584K), 2 survivors (4096K)
 Metaspace       used 35549K, committed 35968K, reserved 1114112K
  class space    used 4292K, committed 4544K, reserved 1048576K
}
Event: 3.295 GC heap after
{Heap after GC invocations=9 (full 0):
 garbage-first heap   total 157696K, used 18061K [0x0000000704a00000, 0x0000000800000000)
  region size 2048K, 3 young (6144K), 3 survivors (6144K)
 Metaspace       used 35549K, committed 35968K, reserved 1114112K
  class space    used 4292K, committed 4544K, reserved 1048576K
}
Event: 3.588 GC heap before
{Heap before GC invocations=10 (full 0):
 garbage-first heap   total 75776K, used 61069K [0x0000000704a00000, 0x0000000800000000)
  region size 2048K, 25 young (51200K), 3 survivors (6144K)
 Metaspace       used 39455K, committed 39872K, reserved 1114112K
  class space    used 4909K, committed 5120K, reserved 1048576K
}
Event: 3.591 GC heap after
{Heap after GC invocations=11 (full 0):
 garbage-first heap   total 75776K, used 18711K [0x0000000704a00000, 0x0000000800000000)
  region size 2048K, 3 young (6144K), 3 survivors (6144K)
 Metaspace       used 39455K, committed 39872K, reserved 1114112K
  class space    used 4909K, committed 5120K, reserved 1048576K
}
Event: 3.610 GC heap before
{Heap before GC invocations=11 (full 0):
 garbage-first heap   total 75776K, used 18711K [0x0000000704a00000, 0x0000000800000000)
  region size 2048K, 4 young (8192K), 3 survivors (6144K)
 Metaspace       used 39646K, committed 40064K, reserved 1114112K
  class space    used 4948K, committed 5184K, reserved 1048576K
}
Event: 3.614 GC heap after
{Heap after GC invocations=12 (full 0):
 garbage-first heap   total 75776K, used 18036K [0x0000000704a00000, 0x0000000800000000)
  region size 2048K, 1 young (2048K), 1 survivors (2048K)
 Metaspace       used 39646K, committed 40064K, reserved 1114112K
  class space    used 4948K, committed 5184K, reserved 1048576K
}
Event: 3.835 GC heap before
{Heap before GC invocations=12 (full 0):
 garbage-first heap   total 75776K, used 56948K [0x0000000704a00000, 0x0000000800000000)
  region size 2048K, 20 young (40960K), 1 survivors (2048K)
 Metaspace       used 43129K, committed 43584K, reserved 1114112K
  class space    used 5467K, committed 5696K, reserved 1048576K
}
Event: 3.836 GC heap after
{Heap after GC invocations=13 (full 0):
 garbage-first heap   total 75776K, used 18783K [0x0000000704a00000, 0x0000000800000000)
  region size 2048K, 1 young (2048K), 1 survivors (2048K)
 Metaspace       used 43129K, committed 43584K, reserved 1114112K
  class space    used 5467K, committed 5696K, reserved 1048576K
}
Event: 4.076 GC heap before
{Heap before GC invocations=13 (full 0):
 garbage-first heap   total 75776K, used 57695K [0x0000000704a00000, 0x0000000800000000)
  region size 2048K, 21 young (43008K), 1 survivors (2048K)
 Metaspace       used 47765K, committed 48192K, reserved 1114112K
  class space    used 6151K, committed 6336K, reserved 1048576K
}
Event: 4.079 GC heap after
{Heap after GC invocations=14 (full 0):
 garbage-first heap   total 75776K, used 20042K [0x0000000704a00000, 0x0000000800000000)
  region size 2048K, 2 young (4096K), 2 survivors (4096K)
 Metaspace       used 47765K, committed 48192K, reserved 1114112K
  class space    used 6151K, committed 6336K, reserved 1048576K
}
Event: 4.373 GC heap before
{Heap before GC invocations=14 (full 0):
 garbage-first heap   total 75776K, used 58954K [0x0000000704a00000, 0x0000000800000000)
  region size 2048K, 21 young (43008K), 2 survivors (4096K)
 Metaspace       used 51804K, committed 52224K, reserved 1114112K
  class space    used 6831K, committed 7040K, reserved 1048576K
}
Event: 4.375 GC heap after
{Heap after GC invocations=15 (full 0):
 garbage-first heap   total 75776K, used 19938K [0x0000000704a00000, 0x0000000800000000)
  region size 2048K, 2 young (4096K), 2 survivors (4096K)
 Metaspace       used 51804K, committed 52224K, reserved 1114112K
  class space    used 6831K, committed 7040K, reserved 1048576K
}
Event: 4.654 GC heap before
{Heap before GC invocations=15 (full 0):
 garbage-first heap   total 75776K, used 58850K [0x0000000704a00000, 0x0000000800000000)
  region size 2048K, 21 young (43008K), 2 survivors (4096K)
 Metaspace       used 55590K, committed 56064K, reserved 1114112K
  class space    used 7326K, committed 7552K, reserved 1048576K
}
Event: 4.657 GC heap after
{Heap after GC invocations=16 (full 0):
 garbage-first heap   total 75776K, used 21276K [0x0000000704a00000, 0x0000000800000000)
  region size 2048K, 3 young (6144K), 3 survivors (6144K)
 Metaspace       used 55590K, committed 56064K, reserved 1114112K
  class space    used 7326K, committed 7552K, reserved 1048576K
}
Event: 5.005 GC heap before
{Heap before GC invocations=16 (full 0):
 garbage-first heap   total 75776K, used 58140K [0x0000000704a00000, 0x0000000800000000)
  region size 2048K, 21 young (43008K), 3 survivors (6144K)
 Metaspace       used 58614K, committed 59072K, reserved 1114112K
  class space    used 7767K, committed 7936K, reserved 1048576K
}
Event: 5.009 GC heap after
{Heap after GC invocations=17 (full 0):
 garbage-first heap   total 122880K, used 22510K [0x0000000704a00000, 0x0000000800000000)
  region size 2048K, 2 young (4096K), 2 survivors (4096K)
 Metaspace       used 58614K, committed 59072K, reserved 1114112K
  class space    used 7767K, committed 7936K, reserved 1048576K
}
Event: 5.161 GC heap before
{Heap before GC invocations=17 (full 0):
 garbage-first heap   total 122880K, used 38894K [0x0000000704a00000, 0x0000000800000000)
  region size 2048K, 11 young (22528K), 2 survivors (4096K)
 Metaspace       used 59736K, committed 60160K, reserved 1114112K
  class space    used 7921K, committed 8128K, reserved 1048576K
}
Event: 5.164 GC heap after
{Heap after GC invocations=18 (full 0):
 garbage-first heap   total 122880K, used 23525K [0x0000000704a00000, 0x0000000800000000)
  region size 2048K, 3 young (6144K), 3 survivors (6144K)
 Metaspace       used 59736K, committed 60160K, reserved 1114112K
  class space    used 7921K, committed 8128K, reserved 1048576K
}
Event: 12.824 GC heap before
{Heap before GC invocations=19 (full 0):
 garbage-first heap   total 96256K, used 72677K [0x0000000704a00000, 0x0000000800000000)
  region size 2048K, 28 young (57344K), 3 survivors (6144K)
 Metaspace       used 63937K, committed 64448K, reserved 1114112K
  class space    used 8544K, committed 8768K, reserved 1048576K
}
Event: 12.832 GC heap after
{Heap after GC invocations=20 (full 0):
 garbage-first heap   total 96256K, used 25033K [0x0000000704a00000, 0x0000000800000000)
  region size 2048K, 3 young (6144K), 3 survivors (6144K)
 Metaspace       used 63937K, committed 64448K, reserved 1114112K
  class space    used 8544K, committed 8768K, reserved 1048576K
}

